# JRE version: OpenJDK Runtime Environment (11.0.12+7) (build 11.0.12+7-b1504.28-7817840)
# Java VM: OpenJDK 64-Bit Server VM (11.0.12+7-b1504.28-7817840, mixed mode, tiered, compressed oops, g1 gc, windows-amd64)
Heap:
 garbage-first heap   total 260096K, used 137375K [0x0000000080000000, 0x0000000100000000)
  region size 1024K, 30 young (30720K), 1 survivors (1024K)
 Metaspace       used 126750K, capacity 130492K, committed 133488K, reserved 1165312K
  class space    used 15567K, capacity 16970K, committed 18124K, reserved 1048576K
GC Heap History (20 events):
Event: 11701.443 GC heap before
{Heap before GC invocations=42 (full 0):
 garbage-first heap   total 260096K, used 207354K [0x0000000080000000, 0x0000000100000000)
  region size 1024K, 89 young (91136K), 3 survivors (3072K)
 Metaspace       used 125835K, capacity 129521K, committed 132464K, reserved 1163264K
  class space    used 15556K, capacity 16925K, committed 18124K, reserved 1048576K
}
Event: 11701.446 GC heap after
{Heap after GC invocations=43 (full 0):
 garbage-first heap   total 260096K, used 111552K [0x0000000080000000, 0x0000000100000000)
  region size 1024K, 4 young (4096K), 4 survivors (4096K)
 Metaspace       used 125835K, capacity 129521K, committed 132464K, reserved 1163264K
  class space    used 15556K, capacity 16925K, committed 18124K, reserved 1048576K
}
Event: 11701.477 GC heap before
{Heap before GC invocations=43 (full 0):
 garbage-first heap   total 260096K, used 118720K [0x0000000080000000, 0x0000000100000000)
  region size 1024K, 12 young (12288K), 4 survivors (4096K)
 Metaspace       used 125837K, capacity 129521K, committed 132464K, reserved 1163264K
  class space    used 15556K, capacity 16925K, committed 18124K, reserved 1048576K
}
Event: 11701.483 GC heap after
{Heap after GC invocations=44 (full 0):
 garbage-first heap   total 260096K, used 92560K [0x0000000080000000, 0x0000000100000000)
  region size 1024K, 2 young (2048K), 2 survivors (2048K)
 Metaspace       used 125837K, capacity 129521K, committed 132464K, reserved 1163264K
  class space    used 15556K, capacity 16925K, committed 18124K, reserved 1048576K
}
Event: 11702.002 GC heap before
{Heap before GC invocations=44 (full 0):
 garbage-first heap   total 260096K, used 198032K [0x0000000080000000, 0x0000000100000000)
  region size 1024K, 104 young (106496K), 2 survivors (2048K)
 Metaspace       used 126089K, capacity 129720K, committed 132720K, reserved 1163264K
  class space    used 15556K, capacity 16925K, committed 18124K, reserved 1048576K
}
Event: 11702.010 GC heap after
{Heap after GC invocations=45 (full 0):
 garbage-first heap   total 260096K, used 109668K [0x0000000080000000, 0x0000000100000000)
  region size 1024K, 13 young (13312K), 13 survivors (13312K)
 Metaspace       used 126089K, capacity 129720K, committed 132720K, reserved 1163264K
  class space    used 15556K, capacity 16925K, committed 18124K, reserved 1048576K
}
Event: 11848.523 GC heap before
{Heap before GC invocations=45 (full 0):
 garbage-first heap   total 260096K, used 210020K [0x0000000080000000, 0x0000000100000000)
  region size 1024K, 103 young (105472K), 13 survivors (13312K)
 Metaspace       used 126303K, capacity 130003K, committed 132976K, reserved 1165312K
  class space    used 15557K, capacity 16927K, committed 18124K, reserved 1048576K
}
Event: 11848.532 GC heap after
{Heap after GC invocations=46 (full 0):
 garbage-first heap   total 260096K, used 114957K [0x0000000080000000, 0x0000000100000000)
  region size 1024K, 9 young (9216K), 9 survivors (9216K)
 Metaspace       used 126303K, capacity 130003K, committed 132976K, reserved 1165312K
  class space    used 15557K, capacity 16927K, committed 18124K, reserved 1048576K
}
Event: 11971.485 GC heap before
{Heap before GC invocations=46 (full 0):
 garbage-first heap   total 260096K, used 215309K [0x0000000080000000, 0x0000000100000000)
  region size 1024K, 97 young (99328K), 9 survivors (9216K)
 Metaspace       used 126479K, capacity 130162K, committed 133232K, reserved 1165312K
  class space    used 15560K, capacity 16931K, committed 18124K, reserved 1048576K
}
Event: 11971.488 GC heap after
{Heap after GC invocations=47 (full 0):
 garbage-first heap   total 260096K, used 115095K [0x0000000080000000, 0x0000000100000000)
  region size 1024K, 3 young (3072K), 3 survivors (3072K)
 Metaspace       used 126479K, capacity 130162K, committed 133232K, reserved 1165312K
  class space    used 15560K, capacity 16931K, committed 18124K, reserved 1048576K
}
Event: 12823.061 GC heap before
{Heap before GC invocations=47 (full 0):
 garbage-first heap   total 260096K, used 208279K [0x0000000080000000, 0x0000000100000000)
  region size 1024K, 93 young (95232K), 3 survivors (3072K)
 Metaspace       used 126564K, capacity 130238K, committed 133232K, reserved 1165312K
  class space    used 15561K, capacity 16933K, committed 18124K, reserved 1048576K
}
Event: 12823.071 GC heap after
{Heap after GC invocations=48 (full 0):
 garbage-first heap   total 260096K, used 133285K [0x0000000080000000, 0x0000000100000000)
  region size 1024K, 12 young (12288K), 12 survivors (12288K)
 Metaspace       used 126564K, capacity 130238K, committed 133232K, reserved 1165312K
  class space    used 15561K, capacity 16933K, committed 18124K, reserved 1048576K
}
Event: 12823.078 GC heap before
{Heap before GC invocations=48 (full 0):
 garbage-first heap   total 260096K, used 134309K [0x0000000080000000, 0x0000000100000000)
  region size 1024K, 14 young (14336K), 12 survivors (12288K)
 Metaspace       used 126564K, capacity 130238K, committed 133232K, reserved 1165312K
  class space    used 15561K, capacity 16933K, committed 18124K, reserved 1048576K
}
Event: 12823.097 GC heap after
{Heap after GC invocations=49 (full 0):
 garbage-first heap   total 260096K, used 135710K [0x0000000080000000, 0x0000000100000000)
  region size 1024K, 2 young (2048K), 2 survivors (2048K)
 Metaspace       used 126564K, capacity 130238K, committed 133232K, reserved 1165312K
  class space    used 15561K, capacity 16933K, committed 18124K, reserved 1048576K
}
Event: 12829.245 GC heap before
{Heap before GC invocations=50 (full 0):
 garbage-first heap   total 260096K, used 187934K [0x0000000080000000, 0x0000000100000000)
  region size 1024K, 42 young (43008K), 2 survivors (2048K)
 Metaspace       used 126699K, capacity 130362K, committed 133232K, reserved 1165312K
  class space    used 15567K, capacity 16970K, committed 18124K, reserved 1048576K
}
Event: 12829.253 GC heap after
{Heap after GC invocations=51 (full 0):
 garbage-first heap   total 260096K, used 139492K [0x0000000080000000, 0x0000000100000000)
  region size 1024K, 6 young (6144K), 6 survivors (6144K)
 Metaspace       used 126699K, capacity 130362K, committed 133232K, reserved 1165312K
  class space    used 15567K, capacity 16970K, committed 18124K, reserved 1048576K
}
Event: 12829.268 GC heap before
{Heap before GC invocations=51 (full 0):
 garbage-first heap   total 260096K, used 144612K [0x0000000080000000, 0x0000000100000000)
  region size 1024K, 12 young (12288K), 6 survivors (6144K)
 Metaspace       used 126699K, capacity 130362K, committed 133232K, reserved 1165312K
  class space    used 15567K, capacity 16970K, committed 18124K, reserved 1048576K
}
Event: 12829.279 GC heap after
{Heap after GC invocations=52 (full 0):
 garbage-first heap   total 260096K, used 115775K [0x0000000080000000, 0x0000000100000000)
  region size 1024K, 2 young (2048K), 2 survivors (2048K)
 Metaspace       used 126699K, capacity 130362K, committed 133232K, reserved 1165312K
  class space    used 15567K, capacity 16970K, committed 18124K, reserved 1048576K
}
Event: 12829.292 GC heap before
{Heap before GC invocations=52 (full 0):
 garbage-first heap   total 260096K, used 124991K [0x0000000080000000, 0x0000000100000000)
  region size 1024K, 12 young (12288K), 2 survivors (2048K)
 Metaspace       used 126699K, capacity 130362K, committed 133232K, reserved 1165312K
  class space    used 15567K, capacity 16970K, committed 18124K, reserved 1048576K
}
Event: 12829.301 GC heap after
{Heap after GC invocations=53 (full 0):
 garbage-first heap   total 260096K, used 109727K [0x0000000080000000, 0x0000000100000000)
  region size 1024K, 1 young (1024K), 1 survivors (1024K)
 Metaspace       used 126699K, capacity 130362K, committed 133232K, reserved 1165312K
  class space    used 15567K, capacity 16970K, committed 18124K, reserved 1048576K
}

